<?xml version="1.0" encoding="UTF-8"?>
<testsuite xmlns:xsi="http://www.w3.org/2001/XMLSchema-instance" xsi:noNamespaceSchemaLocation="https://maven.apache.org/surefire/maven-surefire-plugin/xsd/surefire-test-report.xsd" name="com.github.tqs.WordProviderTest" time="0.104" tests="7" errors="0" skipped="0" failures="0">
  <properties>
[...]
</properties>
  <testcase name="testNotEnoughWords" classname="com.github.tqs.WordProviderTest" time="0.071"/>
  <testcase name="testEmptyWords" classname="com.github.tqs.WordProviderTest" time="0.002"/>
  <testcase name="testInvalidFile" classname="com.github.tqs.WordProviderTest" time="0.001"/>
  <testcase name="testGetNextWord" classname="com.github.tqs.WordProviderTest" time="0.008"/>
  <testcase name="testValidFile" classname="com.github.tqs.WordProviderTest" time="0.004"/>
  <testcase name="testNotEnoughValidWords" classname="com.github.tqs.WordProviderTest" time="0.002"/>
  <testcase name="testNextWords" classname="com.github.tqs.WordProviderTest" time="0.014"/>
</testsuite>